Using pre-set license
Built from '2020.3/release' branch; Version is '2020.3.2f1 (8fd9074bf66c) revision 9427207'; Using compiler version '192528614'; Build Type 'Release'
OS: 'Windows 10 Home; OS build 19043.1348; Version 2009; 64bit' Language: 'ru' Physical Memory: 8070 MB
BatchMode: 1, IsHumanControllingUs: 0, StartBugReporterOnCrash: 0, Is64bit: 1, IsPro: 0

 COMMAND LINE ARGUMENTS:
C:\Program Files\Unity\Hub\Editor\2020.3.2f1\Editor\Unity.exe
-adb2
-batchMode
-noUpm
-name
AssetImportWorker0
-projectPath
H:/Project/PigInTheGardenExample
-logFile
Logs/AssetImportWorker0.log
-srvPort
65513
Successfully changed project path to: H:/Project/PigInTheGardenExample
H:/Project/PigInTheGardenExample
Using Asset Import Pipeline V2.
Refreshing native plugins compatible for Editor in 37.12 ms, found 1 plugins.
Preloading 0 native plugins for Editor in 0.00 ms.
Initialize engine version: 2020.3.2f1 (8fd9074bf66c)
[Subsystems] Discovering subsystems at path C:/Program Files/Unity/Hub/Editor/2020.3.2f1/Editor/Data/Resources/UnitySubsystems
[Subsystems] Discovering subsystems at path H:/Project/PigInTheGardenExample/Assets
GfxDevice: creating device client; threaded=0
Direct3D:
    Version:  Direct3D 11.0 [level 11.1]
    Renderer: NVIDIA GeForce GTX 1050 (ID=0x1c8d)
    Vendor:   
    VRAM:     4021 MB
    Driver:   30.0.14.9709
Initialize mono
Mono path[0] = 'C:/Program Files/Unity/Hub/Editor/2020.3.2f1/Editor/Data/Managed'
Mono path[1] = 'C:/Program Files/Unity/Hub/Editor/2020.3.2f1/Editor/Data/MonoBleedingEdge/lib/mono/unityjit'
Mono config path = 'C:/Program Files/Unity/Hub/Editor/2020.3.2f1/Editor/Data/MonoBleedingEdge/etc'
Using monoOptions --debugger-agent=transport=dt_socket,embedding=1,server=y,suspend=n,address=127.0.0.1:56180
Begin MonoManager ReloadAssembly
Registering precompiled unity dll's ...
Register platform support module: C:/Program Files/Unity/Hub/Editor/2020.3.2f1/Editor/Data/PlaybackEngines/WindowsStandaloneSupport/UnityEditor.WindowsStandalone.Extensions.dll
Registered in 0.000955 seconds.
Native extension for WindowsStandalone target not found
Refreshing native plugins compatible for Editor in 34.95 ms, found 1 plugins.
Preloading 0 native plugins for Editor in 0.00 ms.
Invoked RoslynAnalysisRunner static constructor.
RoslynAnalysisRunner will not be running.
RoslynAnalysisRunner has terminated.
Mono: successfully reloaded assembly
- Completed reload, in  1.742 seconds
Platform modules already initialized, skipping
Registering precompiled user dll's ...
Registered in 0.000551 seconds.
Begin MonoManager ReloadAssembly
Native extension for WindowsStandalone target not found
Refreshing native plugins compatible for Editor in 32.37 ms, found 1 plugins.
Preloading 0 native plugins for Editor in 0.00 ms.
Invoked RoslynAnalysisRunner static constructor.
RoslynAnalysisRunner will not be running.
RoslynAnalysisRunner has terminated.
Mono: successfully reloaded assembly
- Completed reload, in  0.834 seconds
Platform modules already initialized, skipping
========================================================================
Worker process is ready to serve import requests
Launched and connected shader compiler UnityShaderCompiler.exe after 0.03 seconds
Refreshing native plugins compatible for Editor in 0.36 ms, found 1 plugins.
Preloading 0 native plugins for Editor in 0.00 ms.
Unloading 1831 Unused Serialized files (Serialized files now loaded: 0)
System memory in use before: 85.6 MB.
System memory in use after: 85.6 MB.

Unloading 23 unused Assets to reduce memory usage. Loaded Objects now: 2277.
Total: 2.253800 ms (FindLiveObjects: 0.334300 ms CreateObjectMapping: 0.124400 ms MarkObjects: 1.648000 ms  DeleteObjects: 0.145200 ms)

========================================================================
Received Import Request.
  path: Assets/Source/Enemy/EnemyFarmer/Animations/Dirty
  artifactKey: Guid(7b373a562c6818b4aa30f4105347e328) Importer(815301076,1909f56bfc062723c751e8b465ee728b)
Start importing Assets/Source/Enemy/EnemyFarmer/Animations/Dirty using Guid(7b373a562c6818b4aa30f4105347e328) Importer(815301076,1909f56bfc062723c751e8b465ee728b)  -> (artifact id: '0f00c16d5b99ba3d4ec6a115a7fb51b0') in 0.027729 seconds
  Import took 0.079316 seconds .

========================================================================
Received Import Request.
  Time since last request: 40.698626 seconds.
  path: Assets/Source/Enemy/EnemyFarmer/Animations/Default
  artifactKey: Guid(a3fd0172bbd73cb4a94ff6a3f2330284) Importer(815301076,1909f56bfc062723c751e8b465ee728b)
Start importing Assets/Source/Enemy/EnemyFarmer/Animations/Default using Guid(a3fd0172bbd73cb4a94ff6a3f2330284) Importer(815301076,1909f56bfc062723c751e8b465ee728b)  -> (artifact id: 'e9c060b5d3988fe8f2a3ddbae8dc1051') in 0.001873 seconds
  Import took 0.110172 seconds .

========================================================================
Received Prepare
Registering precompiled user dll's ...
Registered in 0.000833 seconds.
Begin MonoManager ReloadAssembly
Native extension for WindowsStandalone target not found
Refreshing native plugins compatible for Editor in 0.39 ms, found 1 plugins.
Preloading 0 native plugins for Editor in 0.00 ms.
Invoked RoslynAnalysisRunner static constructor.
RoslynAnalysisRunner will not be running.
RoslynAnalysisRunner has terminated.
Mono: successfully reloaded assembly
- Completed reload, in  0.939 seconds
Platform modules already initialized, skipping
Switching build target platform(5) subTarget(0) extendedPlatform(0) -> platform(13) subTarget(537395200) extendedPlatform(0)
Refreshing native plugins compatible for Editor in 0.42 ms, found 1 plugins.
Preloading 0 native plugins for Editor in 0.00 ms.
Unloading 1828 Unused Serialized files (Serialized files now loaded: 0)
System memory in use before: 85.4 MB.
System memory in use after: 85.4 MB.

Unloading 11 unused Assets to reduce memory usage. Loaded Objects now: 2281.
Total: 2.468200 ms (FindLiveObjects: 0.349700 ms CreateObjectMapping: 0.132000 ms MarkObjects: 1.885400 ms  DeleteObjects: 0.098800 ms)

AssetImportParameters requested are different than current active one (requested -> active):
  custom:graphics/normal-map-encoding: 01000000000000000000000000000000 -> 02000000000000000000000000000000
========================================================================
Received Import Request.
  Time since last request: 21.223650 seconds.
  path: Assets/Source/Enemy/EnemyFarmer/Animations/Default/ToRightFarmer.anim
  artifactKey: Guid(ce514832a023d26448607aca17a8ab90) Importer(815301076,1909f56bfc062723c751e8b465ee728b)
Start importing Assets/Source/Enemy/EnemyFarmer/Animations/Default/ToRightFarmer.anim using Guid(ce514832a023d26448607aca17a8ab90) Importer(815301076,1909f56bfc062723c751e8b465ee728b)  -> (artifact id: '5828f616bfe011344a621c3c5e7eea5f') in 0.024421 seconds
  Import took 0.124461 seconds .

========================================================================
Received Prepare
Registering precompiled user dll's ...
Registered in 0.000531 seconds.
Begin MonoManager ReloadAssembly
Native extension for WindowsStandalone target not found
Refreshing native plugins compatible for Editor in 0.45 ms, found 1 plugins.
Preloading 0 native plugins for Editor in 0.00 ms.
Invoked RoslynAnalysisRunner static constructor.
RoslynAnalysisRunner will not be running.
RoslynAnalysisRunner has terminated.
Mono: successfully reloaded assembly
- Completed reload, in  0.733 seconds
Platform modules already initialized, skipping
Switching build target platform(5) subTarget(0) extendedPlatform(0) -> platform(13) subTarget(537395200) extendedPlatform(0)
Refreshing native plugins compatible for Editor in 0.35 ms, found 1 plugins.
Preloading 0 native plugins for Editor in 0.00 ms.
Unloading 1828 Unused Serialized files (Serialized files now loaded: 0)
System memory in use before: 85.5 MB.
System memory in use after: 85.5 MB.

Unloading 11 unused Assets to reduce memory usage. Loaded Objects now: 2285.
Total: 1.985500 ms (FindLiveObjects: 0.252700 ms CreateObjectMapping: 0.067900 ms MarkObjects: 1.568600 ms  DeleteObjects: 0.094900 ms)

AssetImportParameters requested are different than current active one (requested -> active):
  custom:graphics/normal-map-encoding: 01000000000000000000000000000000 -> 02000000000000000000000000000000
AssetImportWorkerClient::OnTransportError - code=2 error=End of file
