Using pre-set license
Built from '2020.3/release' branch; Version is '2020.3.2f1 (8fd9074bf66c) revision 9427207'; Using compiler version '192528614'; Build Type 'Release'
OS: 'Windows 10 Home; OS build 19043.1348; Version 2009; 64bit' Language: 'ru' Physical Memory: 8070 MB
BatchMode: 1, IsHumanControllingUs: 0, StartBugReporterOnCrash: 0, Is64bit: 1, IsPro: 0

 COMMAND LINE ARGUMENTS:
C:\Program Files\Unity\Hub\Editor\2020.3.2f1\Editor\Unity.exe
-adb2
-batchMode
-noUpm
-name
AssetImportWorker0
-projectPath
H:/Project/PigInTheGardenExample
-logFile
Logs/AssetImportWorker0.log
-srvPort
64879
Successfully changed project path to: H:/Project/PigInTheGardenExample
H:/Project/PigInTheGardenExample
Using Asset Import Pipeline V2.
Refreshing native plugins compatible for Editor in 34.33 ms, found 1 plugins.
Preloading 0 native plugins for Editor in 0.00 ms.
Initialize engine version: 2020.3.2f1 (8fd9074bf66c)
[Subsystems] Discovering subsystems at path C:/Program Files/Unity/Hub/Editor/2020.3.2f1/Editor/Data/Resources/UnitySubsystems
[Subsystems] Discovering subsystems at path H:/Project/PigInTheGardenExample/Assets
GfxDevice: creating device client; threaded=0
Direct3D:
    Version:  Direct3D 11.0 [level 11.1]
    Renderer: NVIDIA GeForce GTX 1050 (ID=0x1c8d)
    Vendor:   
    VRAM:     4021 MB
    Driver:   30.0.14.9709
Initialize mono
Mono path[0] = 'C:/Program Files/Unity/Hub/Editor/2020.3.2f1/Editor/Data/Managed'
Mono path[1] = 'C:/Program Files/Unity/Hub/Editor/2020.3.2f1/Editor/Data/MonoBleedingEdge/lib/mono/unityjit'
Mono config path = 'C:/Program Files/Unity/Hub/Editor/2020.3.2f1/Editor/Data/MonoBleedingEdge/etc'
Using monoOptions --debugger-agent=transport=dt_socket,embedding=1,server=y,suspend=n,address=127.0.0.1:56476
Begin MonoManager ReloadAssembly
Registering precompiled unity dll's ...
Register platform support module: C:/Program Files/Unity/Hub/Editor/2020.3.2f1/Editor/Data/PlaybackEngines/WindowsStandaloneSupport/UnityEditor.WindowsStandalone.Extensions.dll
Registered in 0.001062 seconds.
Native extension for WindowsStandalone target not found
Refreshing native plugins compatible for Editor in 34.05 ms, found 1 plugins.
Preloading 0 native plugins for Editor in 0.00 ms.
Invoked RoslynAnalysisRunner static constructor.
RoslynAnalysisRunner will not be running.
RoslynAnalysisRunner has terminated.
Mono: successfully reloaded assembly
- Completed reload, in  1.632 seconds
Platform modules already initialized, skipping
Registering precompiled user dll's ...
Registered in 0.000669 seconds.
Begin MonoManager ReloadAssembly
Native extension for WindowsStandalone target not found
Refreshing native plugins compatible for Editor in 41.52 ms, found 1 plugins.
Preloading 0 native plugins for Editor in 0.00 ms.
Invoked RoslynAnalysisRunner static constructor.
RoslynAnalysisRunner will not be running.
RoslynAnalysisRunner has terminated.
Mono: successfully reloaded assembly
- Completed reload, in  0.922 seconds
Platform modules already initialized, skipping
========================================================================
Worker process is ready to serve import requests
Launched and connected shader compiler UnityShaderCompiler.exe after 0.04 seconds
Refreshing native plugins compatible for Editor in 0.40 ms, found 1 plugins.
Preloading 0 native plugins for Editor in 0.00 ms.
Unloading 1831 Unused Serialized files (Serialized files now loaded: 0)
System memory in use before: 85.6 MB.
System memory in use after: 85.6 MB.

Unloading 23 unused Assets to reduce memory usage. Loaded Objects now: 2277.
Total: 2.073500 ms (FindLiveObjects: 0.210400 ms CreateObjectMapping: 0.056800 ms MarkObjects: 1.685100 ms  DeleteObjects: 0.119400 ms)

========================================================================
Received Import Request.
  path: Assets/Source/Enemy/EnemyFarmer/Animations/Default
  artifactKey: Guid(a3fd0172bbd73cb4a94ff6a3f2330284) Importer(815301076,1909f56bfc062723c751e8b465ee728b)
Start importing Assets/Source/Enemy/EnemyFarmer/Animations/Default using Guid(a3fd0172bbd73cb4a94ff6a3f2330284) Importer(815301076,1909f56bfc062723c751e8b465ee728b)  -> (artifact id: '1b8d913671f1fa59c653669319be5edf') in 0.004102 seconds
  Import took 0.114214 seconds .

========================================================================
Received Import Request.
  Time since last request: 1.577241 seconds.
  path: Assets/Source/Enemy/EnemyFarmer/Animations/Angry
  artifactKey: Guid(b0491f7fc543d7645a6becbd79667a2f) Importer(815301076,1909f56bfc062723c751e8b465ee728b)
Start importing Assets/Source/Enemy/EnemyFarmer/Animations/Angry using Guid(b0491f7fc543d7645a6becbd79667a2f) Importer(815301076,1909f56bfc062723c751e8b465ee728b)  -> (artifact id: '268c7c4d4e7591f7d42c0629ca3afcf2') in 0.001676 seconds
  Import took 0.021952 seconds .

========================================================================
Received Import Request.
  Time since last request: 18.663554 seconds.
  path: Assets/Source/Enemy/EnemyFarmer/Animations/Dirty
  artifactKey: Guid(7b373a562c6818b4aa30f4105347e328) Importer(815301076,1909f56bfc062723c751e8b465ee728b)
Start importing Assets/Source/Enemy/EnemyFarmer/Animations/Dirty using Guid(7b373a562c6818b4aa30f4105347e328) Importer(815301076,1909f56bfc062723c751e8b465ee728b)  -> (artifact id: '29854bd34d461a1c4ed88a2ce605d3c7') in 0.001236 seconds
  Import took 0.005782 seconds .

========================================================================
Received Prepare
Refreshing native plugins compatible for Editor in 1.42 ms, found 1 plugins.
Preloading 0 native plugins for Editor in 0.00 ms.
Unloading 9 Unused Serialized files (Serialized files now loaded: 0)
System memory in use before: 49.3 MB.
System memory in use after: 49.3 MB.

Unloading 9 unused Assets to reduce memory usage. Loaded Objects now: 2277.
Total: 2.390600 ms (FindLiveObjects: 0.222200 ms CreateObjectMapping: 0.069300 ms MarkObjects: 2.011200 ms  DeleteObjects: 0.086100 ms)

